[debug] > Exec(early(addDefaultCommands), None, None)
[debug] > Exec(addDefaultCommands, None, None)
[debug] > Exec(early(initialize), None, None)
[debug] > Exec(initialize, None, None)
[debug] > Exec(boot, None, None)
[debug] > Exec(writeSbtVersion, None, None)
[debug] > Exec(reload, None, None)
[debug] > Exec(sbtStashOnFailure, None, None)
[debug] > Exec(onFailure loadFailed, None, None)
[debug] > Exec(loadp, None, None)
[info] welcome to sbt 1.9.7 (Oracle Corporation Java 11.0.19)
[debug]       Load.loadUnit: plugins took 155.5467ms
[debug]       Load.loadUnit: defsScala took 0.7409ms
[debug] [Loading] Scanning directory C:\Users\hp\.sbt\1.0\plugins
[debug] [Loading] Found non-root projects 
[debug] [Loading] Done in C:\Users\hp\.sbt\1.0\plugins, returning: ()
[debug] deducing auto plugins based on known facts Set(Atom(sbt.plugins.CorePlugin)) and clauses Clauses(Clause(Atom(sbt.plugins.JvmPlugin),Set(Atom(sbt.plugins.IvyPlugin)))
[debug] Clause(Atom(sbt.ScriptedPlugin),Set(Atom(sbt.plugins.JvmPlugin)))
[debug] Clause(Atom(sbt.plugins.SbtPlugin),Set(Atom(sbt.ScriptedPlugin)))
[debug] Clause(Atom(sbt.plugins.SemanticdbPlugin),Set(Atom(sbt.plugins.JvmPlugin)))
[debug] Clause(Atom(sbt.plugins.JUnitXmlReportPlugin),Set(Atom(sbt.plugins.JvmPlugin)))
[debug] Clause(Atom(sbt.plugins.MiniDependencyTreePlugin),Set(Atom(sbt.plugins.JvmPlugin)))
[debug] Clause(Atom(sbt.plugins.CorePlugin),Set(Atom(sbt.plugins.IvyPlugin)))
[debug] Clause(Atom(sbt.plugins.IvyPlugin),Set(Atom(sbt.plugins.JvmPlugin)))
[debug] Clause(Atom(sbt.plugins.JvmPlugin),Set(Atom(sbt.plugins.SemanticdbPlugin)))
[debug] Clause(Atom(sbt.plugins.JvmPlugin),Set(Atom(sbt.plugins.JUnitXmlReportPlugin)))
[debug] Clause(Atom(sbt.plugins.CorePlugin),Set(Atom(sbt.plugins.Giter8TemplatePlugin)))
[debug] Clause(Atom(sbt.plugins.JvmPlugin),Set(Atom(sbt.plugins.MiniDependencyTreePlugin))))
[debug]   :: deduced result: Matched(sbt.plugins.CorePlugin,sbt.plugins.Giter8TemplatePlugin,sbt.plugins.IvyPlugin,sbt.plugins.JvmPlugin,sbt.plugins.MiniDependencyTreePlugin,sbt.plugins.JUnitXmlReportPlugin,sbt.plugins.SemanticdbPlugin)
[debug] Plugins.deducer#function took 49.3072 ms
[debug]           Load.resolveProject(global-plugins) took 68.6685ms
[debug]         Load.loadTransitive: finalizeProject(Project(id global-plugins, base: C:\Users\hp\.sbt\1.0\plugins, plugins: List(<none>))) took 153.6044ms
[debug] [Loading] Done in C:\Users\hp\.sbt\1.0\plugins, returning: (global-plugins)
[debug]       Load.loadUnit: loadedProjectsRaw took 203.0795ms
[debug]       Load.loadUnit: cleanEvalClasses took 0.3865ms
[debug]     Load.loadUnit(file:/C:/Users/hp/.sbt/1.0/plugins/, ...) took 380.7321ms
[debug]   Load.apply: load took 641.2174ms
[debug]   Load.apply: resolveProjects took 6.4467ms
[debug]   Load.apply: finalTransforms took 75.5257ms
[debug]   Load.apply: config.delegates took 9.8443ms
[debug]   Load.apply: Def.make(settings)... took 532.4647ms
[debug]   Load.apply: structureIndex took 98.2269ms
[debug]   Load.apply: mkStreams took 1.4993ms
[info] loading global plugins from C:\Users\hp\.sbt\1.0\plugins
[debug] Running task... Cancel: Signal, check cycles: false, forcegc: true
[debug] Load.defaultLoad until apply took 3062.6142ms
[debug]           Load.loadUnit: plugins took 23.4546ms
[debug]           Load.loadUnit: defsScala took 0.0026ms
[debug] [Loading] Scanning directory C:\Users\hp\IdeaProjects\untitled6\project
[debug] [Loading] Found non-root projects 
[debug] [Loading] Done in C:\Users\hp\IdeaProjects\untitled6\project, returning: ()
[debug] deducing auto plugins based on known facts Set(Atom(sbt.plugins.CorePlugin)) and clauses Clauses(Clause(Atom(sbt.plugins.JvmPlugin),Set(Atom(sbt.plugins.IvyPlugin)))
[debug] Clause(Atom(sbt.ScriptedPlugin),Set(Atom(sbt.plugins.JvmPlugin)))
[debug] Clause(Atom(sbt.plugins.SbtPlugin),Set(Atom(sbt.ScriptedPlugin)))
[debug] Clause(Atom(sbt.plugins.SemanticdbPlugin),Set(Atom(sbt.plugins.JvmPlugin)))
[debug] Clause(Atom(sbt.plugins.JUnitXmlReportPlugin),Set(Atom(sbt.plugins.JvmPlugin)))
[debug] Clause(Atom(sbt.plugins.MiniDependencyTreePlugin),Set(Atom(sbt.plugins.JvmPlugin)))
[debug] Clause(Atom(sbt.plugins.CorePlugin),Set(Atom(sbt.plugins.IvyPlugin)))
[debug] Clause(Atom(sbt.plugins.IvyPlugin),Set(Atom(sbt.plugins.JvmPlugin)))
[debug] Clause(Atom(sbt.plugins.JvmPlugin),Set(Atom(sbt.plugins.SemanticdbPlugin)))
[debug] Clause(Atom(sbt.plugins.JvmPlugin),Set(Atom(sbt.plugins.JUnitXmlReportPlugin)))
[debug] Clause(Atom(sbt.plugins.CorePlugin),Set(Atom(sbt.plugins.Giter8TemplatePlugin)))
[debug] Clause(Atom(sbt.plugins.JvmPlugin),Set(Atom(sbt.plugins.MiniDependencyTreePlugin))))
[debug]   :: deduced result: Matched(sbt.plugins.CorePlugin,sbt.plugins.Giter8TemplatePlugin,sbt.plugins.IvyPlugin,sbt.plugins.JvmPlugin,sbt.plugins.MiniDependencyTreePlugin,sbt.plugins.JUnitXmlReportPlugin,sbt.plugins.SemanticdbPlugin)
[debug] Plugins.deducer#function took 1.394 ms
[debug]               Load.resolveProject(untitled6-build) took 1.4749ms
[debug]             Load.loadTransitive: finalizeProject(Project(id untitled6-build, base: C:\Users\hp\IdeaProjects\untitled6\project, plugins: List(<none>))) took 3.4205ms
[debug] [Loading] Done in C:\Users\hp\IdeaProjects\untitled6\project, returning: (untitled6-build)
[debug]           Load.loadUnit: loadedProjectsRaw took 4.9483ms
[debug]           Load.loadUnit: cleanEvalClasses took 0.0199ms
[debug]         Load.loadUnit(file:/C:/Users/hp/IdeaProjects/untitled6/project/, ...) took 29.3737ms
[debug]       Load.apply: load took 32.157ms
[debug]       Load.apply: resolveProjects took 0.1612ms
[debug]       Load.apply: finalTransforms took 8.1041ms
[debug]       Load.apply: config.delegates took 0.4323ms
[debug]       Load.apply: Def.make(settings)... took 121.6626ms
[debug]       Load.apply: structureIndex took 29.4927ms
[debug]       Load.apply: mkStreams took 0.0033ms
[info] loading project definition from C:\Users\hp\IdeaProjects\untitled6\project
[debug] Running task... Cancel: Signal, check cycles: false, forcegc: true
[debug]     Load.loadUnit: plugins took 453.7633ms
[debug]     Load.loadUnit: defsScala took 0.0028ms
[debug] [Loading] Scanning directory C:\Users\hp\IdeaProjects\untitled6
[debug]       Load.loadUnit: mkEval took 7.2829ms
[debug] [Loading] Found root project root w/ remaining 
[debug] deducing auto plugins based on known facts Set(Atom(sbt.plugins.CorePlugin)) and clauses Clauses(Clause(Atom(sbt.plugins.JvmPlugin),Set(Atom(sbt.plugins.IvyPlugin)))
[debug] Clause(Atom(sbt.ScriptedPlugin),Set(Atom(sbt.plugins.JvmPlugin)))
[debug] Clause(Atom(sbt.plugins.SbtPlugin),Set(Atom(sbt.ScriptedPlugin)))
[debug] Clause(Atom(sbt.plugins.SemanticdbPlugin),Set(Atom(sbt.plugins.JvmPlugin)))
[debug] Clause(Atom(sbt.plugins.JUnitXmlReportPlugin),Set(Atom(sbt.plugins.JvmPlugin)))
[debug] Clause(Atom(sbt.plugins.MiniDependencyTreePlugin),Set(Atom(sbt.plugins.JvmPlugin)))
[debug] Clause(Atom(sbt.plugins.CorePlugin),Set(Atom(sbt.plugins.IvyPlugin)))
[debug] Clause(Atom(sbt.plugins.IvyPlugin),Set(Atom(sbt.plugins.JvmPlugin)))
[debug] Clause(Atom(sbt.plugins.JvmPlugin),Set(Atom(sbt.plugins.SemanticdbPlugin)))
[debug] Clause(Atom(sbt.plugins.JvmPlugin),Set(Atom(sbt.plugins.JUnitXmlReportPlugin)))
[debug] Clause(Atom(sbt.plugins.CorePlugin),Set(Atom(sbt.plugins.Giter8TemplatePlugin)))
[debug] Clause(Atom(sbt.plugins.JvmPlugin),Set(Atom(sbt.plugins.MiniDependencyTreePlugin))))
[debug]   :: deduced result: Matched(sbt.plugins.CorePlugin,sbt.plugins.Giter8TemplatePlugin,sbt.plugins.IvyPlugin,sbt.plugins.JvmPlugin,sbt.plugins.MiniDependencyTreePlugin,sbt.plugins.JUnitXmlReportPlugin,sbt.plugins.SemanticdbPlugin)
[debug] Plugins.deducer#function took 1.4073 ms
[info] loading settings for project root from build.sbt ...
[debug]         Load.resolveProject(root) took 3.547ms
[debug]       Load.loadTransitive: finalizeProject(Project(id root, base: C:\Users\hp\IdeaProjects\untitled6, plugins: List(<none>))) took 6.0864ms
[debug] [Loading] Done in C:\Users\hp\IdeaProjects\untitled6, returning: (root)
[debug]     Load.loadUnit: loadedProjectsRaw took 2239.7693ms
[debug]     Load.loadUnit: cleanEvalClasses took 7.9927ms
[debug]   Load.loadUnit(file:/C:/Users/hp/IdeaProjects/untitled6/, ...) took 2702.2535ms
[debug] Load.apply: load took 2703.8105ms
[debug] Load.apply: resolveProjects took 0.1687ms
[debug] Load.apply: finalTransforms took 7.185ms
[debug] Load.apply: config.delegates took 0.3968ms
[debug] Load.apply: Def.make(settings)... took 80.6907ms
[debug] Load.apply: structureIndex took 25.9766ms
[debug] Load.apply: mkStreams took 0.004ms
[info] set current project to untitled6 (in build file:/C:/Users/hp/IdeaProjects/untitled6/)
[debug] > Exec(sbtPopOnFailure, None, None)
[debug] > Exec(resumeFromFailure, None, None)
[debug] > Exec(notifyUsersAboutShell, None, None)
[debug] > Exec(iflast shell, None, None)
[debug] > Exec(shell, None, None)
[info] sbt server started at local:sbt-server-4c1c4927aee2cf03805b
[debug] Writing bsp connection file
[info] started sbt server
